<?xml version="1.0" encoding="UTF-8"?>
<!-- Generated by org.testng.reporters.JUnitXMLReporter -->
<testsuite ignored="0" hostname="DESKTOP-3RHQS1L" failures="0" tests="4" name="Default test" time="69.865" errors="0" timestamp="2024-09-01T21:43:12 IST">
  <testcase classname="HeadlessExecution.Headless_HtmUnitDriver" name="mtd1" time="50.791"/>
  <testcase classname="HeadlessExecution.Headless_HtmUnitDriver" name="mtd2" time="9.555"/>
  <testcase classname="HeadlessExecution.Headless_HtmUnitDriver" name="mtd3" time="2.467"/>
  <testcase classname="HeadlessExecution.Headless_HtmUnitDriver" name="mtd4" time="6.991"/>
</testsuite> <!-- Default test -->
